--------------
2020-08-03
Geetest - 2020-08-03 14:54 - succeeded
Geetest - 2020-08-03 14:54 - succeeded
Geetest - 2020-08-03 14:54 - succeeded
TeConnect - 2020-08-03 14:54 - succeeded
TeConnect - 2020-08-03 14:54 - succeeded
ALL: 5
DONE: 5
--------------
2020-08-07
AdminLogin - 2020-08-07 18:29 - RE-ZIP succeeded
Akismet - 2020-08-07 18:29 - RE-ZIP succeeded
Avartar - 2020-08-07 18:29 - RE-ZIP succeeded
MarkdownIFrame - 2020-08-07 18:29 - RE-ZIP / Rename Author succeeded
BanbanStyle - 2020-08-07 18:29 - RE-ZIP succeeded
ALL: 5
DONE: 5
--------------
2020-08-08
MarkdownIFrame - 2020-08-08 13:00 - RE-ZIP / Rename Author succeeded
BanbanStyle - 2020-08-08 13:00 - RE-ZIP succeeded
ALL: 5
NEED UPDATE: 2
DONE: 2
