StructureData_Joker Qyou.zip
ShortLinks_Ryan.zip
OssImg__莫名_.zip
NotAllowIp_BlackStyle.zip
NavMenu_merdan.zip
MarkdownParse_mrgeneral.zip
CommentToMail_Uniartisan.zip
AdminLogin__莫名_.zip
NavMenu_Ryan_merdan.zip
AutoBackup_Ryan.zip
AutoBackup_泽泽社长.zip
AnotherLike_idealclover.zip
changyandandian_泽泽社长.zip
Tbeautify_流情.zip
SiteMap_yaecho.zip
TEDUriReplace_lgl.zip
AutoSSL_Aurorum-Studios.zip
RobotsPlusPlus_Ryan_YoviSun_Shion.zip
HuifengMembers_回风.zip
GithubWidgetPlus_sunadqiang_hongweipeng.zip
DoubanBooklist_Patrick95.zip
BeianFooter_JoyNop.zip
AMP_Holmesian.zip
AAThemeDemo_Ryan_doudou.zip
AjaxComments_Byends_Willin Kan.zip
JSON_姬长信_SangSir_公子.zip
AntiSpam_Willin Kan.zip
Svg3dTagCloud_Hoe.zip
SiteMap_王And木.zip


